<?xml version="1.0" encoding="UTF-8"?>
<!-- Generated by org.testng.reporters.JUnitReportReporter -->
<testsuite hostname="MyFirstPC" name="tests.Wahoo.Test1" tests="1" failures="0" timestamp="3 Apr 2021 04:24:27 GMT" time="60.531" errors="0">
  <testcase name="loginTest" time="60.531" classname="tests.Wahoo.Test1"/>
</testsuite> <!-- tests.Wahoo.Test1 -->
